\BOOKMARK [0][]{indice.0}{\376\377\000I\000n\000d\000i\000c\000e}{}% 1
\BOOKMARK [0][]{chapter.1}{\376\377\000S\000e\000g\000n\000a\000l\000i\000,\000\040\000a\000l\000g\000e\000b\000r\000a\000\040\000d\000i\000\040\000B\000o\000o\000l\000e\000\040\000e\000\040\000r\000e\000t\000i\000\040\000l\000o\000g\000i\000c\000h\000e}{}% 2
\BOOKMARK [1][]{section.1.1}{\376\377\000S\000e\000g\000n\000a\000l\000i\000\040\000a\000n\000a\000l\000o\000g\000i\000c\000i\000\040\000e\000\040\000d\000i\000g\000i\000t\000a\000l\000i}{chapter.1}% 3
\BOOKMARK [1][]{section.1.2}{\376\377\000A\000l\000g\000e\000b\000r\000a\000\040\000d\000i\000\040\000B\000o\000o\000l\000e}{chapter.1}% 4
\BOOKMARK [2][]{subsection.1.2.1}{\376\377\000I\000l\000\040\000c\000o\000n\000c\000e\000t\000t\000o\000\040\000d\000i\000\040\000d\000u\000a\000l\000e}{section.1.2}% 5
\BOOKMARK [1][]{section.1.3}{\376\377\000C\000e\000n\000n\000i\000\040\000s\000t\000o\000r\000i\000c\000i}{chapter.1}% 6
\BOOKMARK [1][]{section.1.4}{\376\377\000R\000e\000t\000i\000\040\000l\000o\000g\000i\000c\000h\000e}{chapter.1}% 7
\BOOKMARK [2][]{subsection.1.4.1}{\376\377\000F\000u\000n\000z\000i\000o\000n\000i\000\040\000a\000\040\0001\000\040\000i\000n\000g\000r\000e\000s\000s\000o}{section.1.4}% 8
\BOOKMARK [2][]{subsection.1.4.2}{\376\377\000F\000u\000n\000z\000i\000o\000n\000i\000\040\000a\000\040\0002\000\040\000i\000n\000g\000r\000e\000s\000s\000i}{section.1.4}% 9
\BOOKMARK [2][]{subsection.1.4.3}{\376\377\000F\000u\000n\000z\000i\000o\000n\000i\000\040\000a\000\040\000n\000\040\000i\000n\000g\000r\000e\000s\000s\000i}{section.1.4}% 10
\BOOKMARK [1][]{section.1.5}{\376\377\000B\000i\000t\000\040\000d\000i\000\040\000p\000a\000r\000i\000t\000\340}{chapter.1}% 11
\BOOKMARK [1][]{section.1.6}{\376\377\000E\000s\000e\000r\000c\000i\000z\000i\000o\000:\000\040\000s\000e\000m\000p\000l\000i\000c\000e\000\040\000c\000i\000r\000c\000u\000i\000t\000o\000\040\000p\000e\000r\000\040\000a\000b\000i\000l\000i\000t\000a\000r\000e\000\040\000l\000a\000\040\000p\000r\000e\000s\000a\000\040\000d\000a\000t\000i}{chapter.1}% 12
\BOOKMARK [0][]{chapter.2}{\376\377\000R\000e\000a\000l\000i\000z\000z\000a\000z\000i\000o\000n\000e\000\040\000f\000i\000s\000i\000c\000a\000\040\000d\000e\000l\000l\000e\000\040\000p\000o\000r\000t\000e\000\040\000l\000o\000g\000i\000c\000h\000e}{}% 13
\BOOKMARK [1][]{section.2.1}{\376\377\000E\000s\000e\000r\000c\000i\000z\000i\000o\000:\000\040\000b\000i\000t\000\040\000d\000i\000\040\000p\000a\000r\000i\000t\000\340\000\040\000a\000\040\0004\000\040\000b\000i\000t}{chapter.2}% 14
\BOOKMARK [1][]{section.2.2}{\376\377\000V\000e\000r\000i\000f\000i\000c\000a\000\040\000d\000i\000\040\000u\000n\000a\000\040\000t\000r\000a\000s\000m\000i\000s\000s\000i\000o\000n\000e\000\040\000t\000r\000a\000m\000i\000t\000e\000\040\000p\000a\000r\000i\000t\000\340}{chapter.2}% 15
\BOOKMARK [1][]{section.2.3}{\376\377\000C\000a\000r\000a\000t\000t\000e\000r\000i\000s\000t\000i\000c\000h\000e\000\040\000f\000i\000s\000i\000c\000h\000e\000\040\000d\000e\000l\000l\000e\000\040\000p\000o\000r\000t\000e\000\040\000l\000o\000g\000i\000c\000h\000e}{chapter.2}% 16
\BOOKMARK [1][]{section.2.4}{\376\377\000I\000m\000p\000l\000e\000m\000e\000n\000t\000a\000z\000i\000o\000n\000e\000\040\000d\000e\000l\000l\000e\000\040\000p\000o\000r\000t\000e\000\040\000l\000o\000g\000i\000c\000h\000e}{chapter.2}% 17
\BOOKMARK [2][]{subsection.2.4.1}{\376\377\000N\000O\000T\000\040\000c\000o\000n\000\040\000u\000n\000\040\000s\000i\000n\000g\000o\000l\000o\000\040\000t\000r\000a\000n\000s\000i\000s\000t\000o\000r}{section.2.4}% 18
\BOOKMARK [2][]{subsection.2.4.2}{\376\377\000N\000O\000T\000\040\000i\000n\000\040\000t\000e\000c\000n\000o\000l\000o\000g\000i\000a\000\040\000T\000T\000L}{section.2.4}% 19
\BOOKMARK [1][]{section.2.5}{\376\377\000I\000m\000m\000u\000n\000i\000t\000\340\000\040\000a\000l\000\040\000r\000u\000m\000o\000r\000e}{chapter.2}% 20
\BOOKMARK [1][]{section.2.6}{\376\377\000N\000o\000m\000e\000n\000c\000l\000a\000t\000u\000r\000a\000\040\000d\000e\000l\000l\000e\000\040\000f\000a\000m\000i\000g\000l\000i\000e\000\040\000l\000o\000g\000i\000c\000h\000e\000\040\000e\000\040\000f\000a\000n\000-\000o\000u\000t}{chapter.2}% 21
\BOOKMARK [2][]{subsection.2.6.1}{\376\377\000N\000o\000m\000e\000n\000c\000l\000a\000t\000u\000r\000a\000\040\000d\000e\000i\000\040\000c\000o\000m\000p\000o\000n\000e\000n\000t\000i}{section.2.6}% 22
\BOOKMARK [2][]{subsection.2.6.2}{\376\377\000F\000a\000n\000-\000O\000u\000t\000\040\000\050\000c\000a\000p\000a\000c\000i\000t\000\340\000\040\000d\000i\000\040\000p\000i\000l\000o\000t\000a\000g\000g\000i\000o\000\051}{section.2.6}% 23
\BOOKMARK [0][]{chapter.3}{\376\377\000A\000l\000g\000e\000b\000r\000a\000\040\000d\000i\000\040\000B\000o\000o\000l\000e\000:\000\040\000a\000s\000s\000i\000o\000m\000i\000,\000\040\000p\000r\000o\000p\000r\000i\000e\000t\000\340\000\040\000e\000\040\000s\000i\000n\000t\000e\000s\000i}{}% 24
\BOOKMARK [1][]{section.3.1}{\376\377\000T\000e\000m\000p\000i\000\040\000c\000a\000r\000a\000t\000t\000e\000r\000i\000s\000t\000i\000c\000i\000\040\000d\000e\000l\000l\000e\000\040\000p\000o\000r\000t\000e\000\040\000l\000o\000g\000i\000c\000h\000e}{chapter.3}% 25
\BOOKMARK [1][]{section.3.2}{\376\377\000A\000s\000s\000i\000o\000m\000i\000\040\000d\000e\000l\000l\000'\000a\000l\000g\000e\000b\000r\000a\000\040\000d\000i\000\040\000B\000o\000o\000l\000e}{chapter.3}% 26
\BOOKMARK [1][]{section.3.3}{\376\377\000P\000r\000o\000p\000r\000i\000e\000t\000\340\000\040\000d\000e\000l\000l\000'\000a\000l\000g\000e\000b\000r\000a\000\040\000d\000i\000\040\000B\000o\000o\000l\000e}{chapter.3}% 27
\BOOKMARK [2][]{subsection.3.3.1}{\376\377\000T\000e\000o\000r\000e\000m\000a\000\040\000d\000e\000l\000l\000a\000\040\000s\000e\000m\000p\000l\000i\000f\000i\000c\000a\000z\000i\000o\000n\000e}{section.3.3}% 28
\BOOKMARK [2][]{subsection.3.3.2}{\376\377\000T\000e\000o\000r\000e\000m\000a\000\040\000d\000e\000l\000l\000a\000\040\000m\000o\000l\000t\000i\000p\000l\000i\000c\000a\000z\000i\000o\000n\000e\000\040\000e\000\040\000f\000a\000t\000t\000o\000r\000i\000z\000z\000a\000z\000i\000o\000n\000e}{section.3.3}% 29
\BOOKMARK [2][]{subsection.3.3.3}{\376\377\000L\000e\000g\000g\000i\000\040\000d\000i\000\040\000D\000e\000\040\000M\000o\000r\000g\000a\000n}{section.3.3}% 30
\BOOKMARK [1][]{section.3.4}{\376\377\000P\000o\000r\000t\000e\000\040\000u\000n\000i\000v\000e\000r\000s\000a\000l\000i\000:\000\040\000N\000A\000N\000D\000\040\000e\000\040\000N\000O\000R}{chapter.3}% 31
\BOOKMARK [2][]{subsection.3.4.1}{\376\377\000N\000A\000N\000D\000\040\000c\000o\000m\000e\000\040\000p\000o\000r\000t\000a\000\040\000u\000n\000i\000v\000e\000r\000s\000a\000l\000e}{section.3.4}% 32
\BOOKMARK [2][]{subsection.3.4.2}{\376\377\000N\000O\000R\000\040\000c\000o\000m\000e\000\040\000p\000o\000r\000t\000a\000\040\000u\000n\000i\000v\000e\000r\000s\000a\000l\000e}{section.3.4}% 33
\BOOKMARK [1][]{section.3.5}{\376\377\000D\000a\000l\000l\000a\000\040\000t\000a\000b\000e\000l\000l\000a\000\040\000d\000i\000\040\000v\000e\000r\000i\000t\000\340\000\040\000a\000l\000\040\000c\000i\000r\000c\000u\000i\000t\000o}{chapter.3}% 34
\BOOKMARK [2][]{subsection.3.5.1}{\376\377\000E\000q\000u\000i\000v\000a\000l\000e\000n\000z\000a\000\040\000d\000e\000l\000l\000e\000\040\000d\000u\000e\000\040\000f\000o\000r\000m\000e\000\040\000c\000a\000n\000o\000n\000i\000c\000h\000e}{section.3.5}% 35
\BOOKMARK [2][]{subsection.3.5.2}{\376\377\000I\000\040\000c\000i\000r\000c\000u\000i\000t\000i\000\040\000c\000h\000e\000\040\000c\000o\000r\000r\000i\000s\000p\000o\000n\000d\000o\000n\000o\000\040\000a\000l\000l\000e\000\040\000d\000u\000e\000\040\000f\000o\000r\000m\000e}{section.3.5}% 36
\BOOKMARK [2][]{subsection.3.5.3}{\376\377\000M\000a\000p\000p\000e\000\040\000d\000i\000\040\000K\000a\000r\000n\000a\000u\000g\000h\000\040\000a\000\040\0003\000\040\000v\000a\000r\000i\000a\000b\000i\000l\000i}{section.3.5}% 37
\BOOKMARK [2][]{subsection.3.5.4}{\376\377\000E\000s\000e\000m\000p\000i\000\040\000d\000i\000\040\000m\000a\000p\000p\000e\000\040\000d\000i\000\040\000K\000a\000r\000n\000a\000u\000g\000h\000\040\000a\000\040\0004\000\040\000v\000a\000r\000i\000a\000b\000i\000l\000i}{section.3.5}% 38
\BOOKMARK [1][]{section.3.6}{\376\377\000C\000o\000d\000i\000f\000i\000c\000a\000\040\000b\000i\000n\000a\000r\000i\000a}{chapter.3}% 39
\BOOKMARK [1][]{section.3.7}{\376\377\000C\000o\000d\000i\000c\000e\000\040\000B\000C\000D}{chapter.3}% 40
\BOOKMARK [2][]{subsection.3.7.1}{\376\377\000E\000s\000e\000m\000p\000i\000o\000:\000\040\000d\000i\000s\000p\000l\000a\000y\000\040\000a\000\040\0007\000\040\000s\000e\000g\000m\000e\000n\000t\000i}{section.3.7}% 41
\BOOKMARK [1][]{section.3.8}{\376\377\000S\000o\000m\000m\000a\000t\000o\000r\000i}{chapter.3}% 42
\BOOKMARK [2][]{subsection.3.8.1}{\376\377\000S\000e\000m\000i\000-\000s\000o\000m\000m\000a\000t\000o\000r\000e\000\040\000\050\000h\000a\000l\000f\000\040\000a\000d\000d\000e\000r\000\051}{section.3.8}% 43
\BOOKMARK [2][]{subsection.3.8.2}{\376\377\000S\000o\000m\000m\000a\000t\000o\000r\000e\000\040\000c\000o\000m\000p\000l\000e\000t\000o\000\040\000\050\000f\000u\000l\000l\000\040\000a\000d\000d\000e\000r\000\051}{section.3.8}% 44
\BOOKMARK [0][]{chapter.4}{\376\377\000S\000o\000m\000m\000a\000t\000o\000r\000i\000,\000\040\000c\000o\000m\000p\000l\000e\000m\000e\000n\000t\000o\000\040\000a\000\040\0002\000\040\000e\000\040\000c\000o\000d\000i\000c\000i}{}% 45
\BOOKMARK [1][]{section.4.1}{\376\377\000E\000s\000e\000m\000p\000i\000o\000:\000\040\000s\000o\000m\000m\000a\000t\000o\000r\000e\000\040\000a\000\040\0004\000\040\000b\000i\000t}{chapter.4}% 46
\BOOKMARK [1][]{section.4.2}{\376\377\000M\000o\000d\000u\000l\000a\000r\000i\000t\000\340\000\040\000e\000\040\000D\000e\000s\000i\000g\000n\000\040\000G\000e\000r\000a\000r\000c\000h\000i\000c\000o}{chapter.4}% 47
\BOOKMARK [1][]{section.4.3}{\376\377\000S\000o\000t\000t\000r\000a\000t\000t\000o\000r\000i\000\040\000e\000\040\000n\000u\000m\000e\000r\000i\000\040\000n\000e\000g\000a\000t\000i\000v\000i}{chapter.4}% 48
\BOOKMARK [2][]{subsection.4.3.1}{\376\377\000C\000i\000r\000c\000u\000i\000t\000o\000\040\000s\000o\000m\000m\000a\000t\000o\000r\000e\000/\000s\000o\000t\000t\000r\000a\000t\000t\000o\000r\000e\000\040\000a\000\040\0004\000\040\000b\000i\000t}{section.4.3}% 49
\BOOKMARK [0][]{chapter.5}{\376\377\000C\000o\000d\000i\000c\000e\000\040\000G\000r\000a\000y\000\040\000e\000\040\000A\000S\000C\000I\000I}{}% 50
\BOOKMARK [1][]{section.5.1}{\376\377\000C\000o\000d\000i\000c\000e\000\040\000G\000r\000a\000y}{chapter.5}% 51
\BOOKMARK [2][]{subsection.5.1.1}{\376\377\000C\000i\000r\000c\000u\000i\000t\000i\000\040\000d\000i\000\040\000c\000o\000n\000v\000e\000r\000s\000i\000o\000n\000e}{section.5.1}% 52
\BOOKMARK [2][]{subsection.5.1.2}{\376\377\000E\000s\000e\000r\000c\000i\000z\000i\000\040\000s\000v\000o\000l\000t\000i\000:\000\040\000c\000o\000n\000v\000e\000r\000s\000i\000o\000n\000i\000\040\000p\000a\000s\000s\000o\000-\000p\000a\000s\000s\000o}{section.5.1}% 53
\BOOKMARK [1][]{section.5.2}{\376\377\000C\000o\000d\000i\000c\000e\000\040\000A\000S\000C\000I\000I}{chapter.5}% 54
\BOOKMARK [0][]{chapter.6}{\376\377\000L\000o\000g\000i\000c\000a\000\040\000s\000e\000q\000u\000e\000n\000z\000i\000a\000l\000e}{}% 55
\BOOKMARK [1][]{section.6.1}{\376\377\000C\000i\000r\000c\000u\000i\000t\000i\000\040\000c\000o\000m\000b\000i\000n\000a\000t\000o\000r\000i\000\040\000e\000\040\000c\000i\000r\000c\000u\000i\000t\000i\000\040\000s\000e\000q\000u\000e\000n\000z\000i\000a\000l\000i}{chapter.6}% 56
\BOOKMARK [1][]{section.6.2}{\376\377\000B\000i\000s\000t\000a\000b\000i\000l\000i\000t\000\340\000\040\000e\000\040\000o\000s\000c\000i\000l\000l\000a\000z\000i\000o\000n\000e}{chapter.6}% 57
\BOOKMARK [1][]{section.6.3}{\376\377\000L\000a\000t\000c\000h}{chapter.6}% 58
\BOOKMARK [2][]{subsection.6.3.1}{\376\377\000L\000a\000t\000c\000h\000\040\000R\000S\000\040\000c\000o\000n\000\040\000N\000O\000R\000:\000\040\000f\000u\000n\000z\000i\000o\000n\000e\000\040\000c\000a\000r\000a\000t\000t\000e\000r\000i\000s\000t\000i\000c\000a}{section.6.3}% 59
\BOOKMARK [2][]{subsection.6.3.2}{\376\377\000L\000a\000t\000c\000h\000\040\000R\000S\000\040\000c\000o\000n\000\040\000a\000b\000i\000l\000i\000t\000a\000z\000i\000o\000n\000e\000\040\000\050\000E\000n\000a\000b\000l\000e\000\051}{section.6.3}% 60
\BOOKMARK [2][]{subsection.6.3.3}{\376\377\000L\000a\000t\000c\000h\000\040\000d\000i\000\040\000t\000i\000p\000o\000\040\000D}{section.6.3}% 61
\BOOKMARK [2][]{subsection.6.3.4}{\376\377\000L\000a\000t\000c\000h\000\040\000e\000\040\000F\000l\000i\000p\000-\000F\000l\000o\000p\000:\000\040\000d\000i\000f\000f\000e\000r\000e\000n\000z\000a\000\040\000f\000o\000n\000d\000a\000m\000e\000n\000t\000a\000l\000e}{section.6.3}% 62
\BOOKMARK [2][]{subsection.6.3.5}{\376\377\000T\000e\000c\000n\000i\000c\000a\000\040\000m\000a\000s\000t\000e\000r\000-\000s\000l\000a\000v\000e}{section.6.3}% 63
\BOOKMARK [1][]{section.6.4}{\376\377\000T\000e\000c\000n\000i\000c\000a\000\040\000t\000r\000i\000g\000g\000e\000r\000-\000e\000d\000g\000e}{chapter.6}% 64
\BOOKMARK [1][]{section.6.5}{\376\377\000I\000n\000g\000r\000e\000s\000s\000i\000\040\000s\000i\000n\000c\000r\000o\000n\000i\000\040\000e\000\040\000a\000s\000i\000n\000c\000r\000o\000n\000i}{chapter.6}% 65
\BOOKMARK [1][]{section.6.6}{\376\377\000J\000K\000\040\000F\000l\000i\000p\000-\000F\000l\000o\000p}{chapter.6}% 66
\BOOKMARK [2][]{subsection.6.6.1}{\376\377\000E\000s\000e\000m\000p\000i\000o\000\040\000p\000r\000a\000t\000i\000c\000o\000:\000\040\000i\000l\000\040\000R\000e\000g\000i\000s\000t\000r\000o\000\040\000c\000o\000m\000e\000\040\000"\000f\000i\000l\000t\000r\000o\000\040\000a\000n\000t\000i\000-\000g\000l\000i\000t\000c\000h\000"}{section.6.6}% 67
\BOOKMARK [0][]{chapter.7}{\376\377\000R\000e\000g\000i\000s\000t\000r\000i\000\040\000a\000\040\000s\000c\000o\000r\000r\000i\000m\000e\000n\000t\000o\000\040\000e\000\040\000c\000o\000n\000t\000a\000t\000o\000r\000i}{}% 68
\BOOKMARK [1][]{section.7.1}{\376\377\000R\000e\000g\000i\000s\000t\000r\000i\000\040\000a\000\040\000s\000c\000o\000r\000r\000i\000m\000e\000n\000t\000o}{chapter.7}% 69
\BOOKMARK [2][]{subsection.7.1.1}{\376\377\000M\000o\000d\000a\000l\000i\000t\000\340\000\040\000d\000i\000\040\000t\000r\000a\000s\000m\000i\000s\000s\000i\000o\000n\000e\000\040\000d\000a\000t\000i}{section.7.1}% 70
\BOOKMARK [2][]{subsection.7.1.2}{\376\377\000T\000e\000m\000p\000o\000r\000i\000z\000z\000a\000z\000i\000o\000n\000e\000\040\000e\000\040\000v\000i\000n\000c\000o\000l\000i}{section.7.1}% 71
\BOOKMARK [2][]{subsection.7.1.3}{\376\377\000S\000c\000h\000e\000m\000i\000\040\000d\000e\000i\000\040\000r\000e\000g\000i\000s\000t\000r\000i\000\040\000a\000\040\000s\000c\000o\000r\000r\000i\000m\000e\000n\000t\000o\000\040\000\050\000S\000I\000S\000O\000,\000\040\000S\000I\000P\000O\000,\000\040\000P\000I\000S\000O\000\051}{section.7.1}% 72
\BOOKMARK [1][]{section.7.2}{\376\377\000C\000o\000n\000t\000a\000t\000o\000r\000i}{chapter.7}% 73
\BOOKMARK [2][]{subsection.7.2.1}{\376\377\000C\000o\000n\000t\000a\000t\000o\000r\000e\000\040\000a\000s\000i\000n\000c\000r\000o\000n\000o\000\040\000\050\000r\000i\000p\000p\000l\000e\000\040\000c\000o\000u\000n\000t\000e\000r\000\051}{section.7.2}% 74
\BOOKMARK [2][]{subsection.7.2.2}{\376\377\000C\000o\000n\000t\000a\000t\000o\000r\000e\000\040\000s\000i\000n\000c\000r\000o\000n\000o}{section.7.2}% 75
\BOOKMARK [2][]{subsection.7.2.3}{\376\377\000A\000z\000z\000e\000r\000a\000m\000e\000n\000t\000o\000\040\000d\000o\000p\000o\000\040\000u\000n\000\040\000c\000e\000r\000t\000o\000\040\000c\000o\000n\000t\000e\000g\000g\000i\000o\000\040\000\050\000c\000o\000n\000t\000a\000t\000o\000r\000e\000\040\000m\000o\000d\000u\000l\000o\000-\000M\000\051}{section.7.2}% 76
\BOOKMARK [2][]{subsection.7.2.4}{\376\377\000R\000i\000p\000p\000l\000e\000\040\000C\000a\000r\000r\000y\000\040\000O\000u\000t\000p\000u\000t\000\040\000\050\000R\000C\000O\000\051}{section.7.2}% 77
\BOOKMARK [0][]{chapter.8}{\376\377\000C\000o\000n\000t\000e\000g\000g\000i\000o\000,\000\040\000d\000i\000v\000i\000s\000o\000r\000i\000\040\000d\000i\000\040\000f\000r\000e\000q\000u\000e\000n\000z\000a\000\040\000e\000\040\000P\000R\000F\000G}{}% 78
\BOOKMARK [1][]{section.8.1}{\376\377\000C\000o\000n\000t\000a\000t\000o\000r\000i\000\040\000a\000\040\0008\000\040\000b\000i\000t\000:\000\040\000c\000a\000s\000c\000a\000t\000a\000\040\000d\000i\000\040\000d\000u\000e\000\040\000S\000N\0007\0004\000L\000S\0001\0006\0003}{chapter.8}% 79
\BOOKMARK [1][]{section.8.2}{\376\377\000D\000i\000v\000i\000s\000o\000r\000i\000\040\000d\000i\000\040\000f\000r\000e\000q\000u\000e\000n\000z\000a\000\040\000p\000e\000r\000\040\000u\000n\000\040\000n\000u\000m\000e\000r\000o\000\040\000n}{chapter.8}% 80
\BOOKMARK [2][]{subsection.8.2.1}{\376\377\000D\000i\000v\000i\000s\000o\000r\000e\000\040\000c\000o\000n\000\040\000C\000L\000E\000A\000R\000\040\000s\000i\000n\000c\000r\000o\000n\000o}{section.8.2}% 81
\BOOKMARK [2][]{subsection.8.2.2}{\376\377\000D\000i\000v\000i\000s\000o\000r\000e\000\040\000c\000o\000n\000\040\000S\000E\000T\000\040\000s\000i\000n\000c\000r\000o\000n\000o\000\040\000\050\000L\000O\000A\000D\000\051}{section.8.2}% 82
\BOOKMARK [1][]{section.8.3}{\376\377\000C\000o\000n\000t\000a\000t\000o\000r\000e\000\040\000a\000d\000\040\000a\000n\000e\000l\000l\000o}{chapter.8}% 83
\BOOKMARK [1][]{section.8.4}{\376\377\000C\000o\000n\000t\000a\000t\000o\000r\000e\000\040\000a\000d\000\040\000a\000n\000e\000l\000l\000o\000\040\000t\000w\000i\000s\000t\000e\000d\000\040\000\050\000J\000o\000h\000n\000s\000o\000n\000\040\000c\000o\000u\000n\000t\000e\000r\000\051}{chapter.8}% 84
\BOOKMARK [1][]{section.8.5}{\376\377\000G\000e\000n\000e\000r\000a\000t\000o\000r\000i\000\040\000d\000i\000\040\000f\000r\000e\000q\000u\000e\000n\000z\000a\000\040\000p\000s\000e\000u\000d\000o\000\040\000c\000a\000s\000u\000a\000l\000i\000\040\000\050\000P\000R\000F\000G\000\051}{chapter.8}% 85
\BOOKMARK [0][]{chapter.9}{\376\377\000M\000a\000c\000c\000h\000i\000n\000e\000\040\000a\000\040\000s\000t\000a\000t\000i\000\040\000f\000i\000n\000i\000t\000i\000\040\000\050\000F\000S\000M\000\051}{}% 86
\BOOKMARK [1][]{section.9.1}{\376\377\000T\000i\000p\000i\000\040\000d\000i\000\040\000a\000r\000c\000h\000i\000t\000e\000t\000t\000u\000r\000a\000\040\000F\000S\000M\000:\000\040\000M\000o\000o\000r\000e\000\040\000e\000\040\000M\000e\000a\000l\000y}{chapter.9}% 87
\BOOKMARK [2][]{subsection.9.1.1}{\376\377\000A\000r\000c\000h\000i\000t\000e\000t\000t\000u\000r\000a\000\040\000d\000i\000\040\000M\000o\000o\000r\000e}{section.9.1}% 88
\BOOKMARK [1][]{section.9.2}{\376\377\000D\000a\000l\000\040\000d\000i\000a\000g\000r\000a\000m\000m\000a\000\040\000d\000i\000\040\000s\000t\000a\000t\000o\000\040\000a\000l\000\040\000c\000i\000r\000c\000u\000i\000t\000o}{chapter.9}% 89
\BOOKMARK [2][]{subsection.9.2.1}{\376\377\000R\000i\000c\000a\000v\000a\000r\000e\000\040\000l\000e\000\040\000f\000u\000n\000z\000i\000o\000n\000i\000\040\000d\000e\000i\000\040\000s\000e\000g\000n\000a\000l\000i\000\040\000d\000i\000\040\000u\000s\000c\000i\000t\000a\000:\000\040\000O\000i\000\040\000=\000\040\000f\000\050\000Q\000i\000\051}{section.9.2}% 90
\BOOKMARK [2][]{subsection.9.2.2}{\376\377\000S\000t\000a\000t\000o\000\040\000b\000l\000o\000c\000c\000a\000n\000t\000e\000\040\000e\000\040\000s\000e\000g\000n\000a\000l\000e\000\040\000d\000i\000\040\000E\000n\000a\000b\000l\000e}{section.9.2}% 91
\BOOKMARK [2][]{subsection.9.2.3}{\376\377\000E\000s\000e\000m\000p\000i\000o\000:\000\040\000i\000n\000s\000e\000g\000n\000a\000\040\000l\000u\000m\000i\000n\000o\000s\000a\000\040\000\050\000c\000o\000n\000t\000i\000n\000u\000a\000z\000i\000o\000n\000e\000\051}{section.9.2}% 92
\BOOKMARK [1][]{section.9.3}{\376\377\000A\000r\000c\000h\000i\000t\000e\000t\000t\000u\000r\000a\000\040\000d\000i\000\040\000M\000e\000a\000l\000y}{chapter.9}% 93
\BOOKMARK [2][]{subsection.9.3.1}{\376\377\000T\000a\000b\000e\000l\000l\000a\000\040\000d\000i\000\040\000v\000e\000r\000i\000t\000\340\000\040\000d\000e\000l\000l\000'\000i\000n\000s\000e\000g\000n\000a\000\040\000l\000u\000m\000i\000n\000o\000s\000a\000\040\000\050\000M\000e\000a\000l\000y\000\051}{section.9.3}% 94
\BOOKMARK [2][]{subsection.9.3.2}{\376\377\000T\000a\000b\000e\000l\000l\000a\000\040\000J\000K\000\040\000p\000e\000r\000\040\000l\000'\000i\000m\000p\000l\000e\000m\000e\000n\000t\000a\000z\000i\000o\000n\000e}{section.9.3}% 95
\BOOKMARK [2][]{subsection.9.3.3}{\376\377\000M\000a\000p\000p\000e\000\040\000d\000i\000\040\000K\000a\000r\000n\000a\000u\000g\000h\000\040\000p\000e\000r\000\040\000J\000K\0000\000\040\000e\000\040\000J\000K\0001}{section.9.3}% 96
\BOOKMARK [1][]{section.9.4}{\376\377\000E\000s\000e\000m\000p\000i\000o\000:\000\040\000r\000i\000c\000o\000n\000o\000s\000c\000i\000t\000o\000r\000e\000\040\000d\000i\000\040\000s\000e\000q\000u\000e\000n\000z\000e}{chapter.9}% 97
\BOOKMARK [1][]{section.9.5}{\376\377\000E\000s\000e\000m\000p\000i\000o\000:\000\040\000m\000a\000c\000c\000h\000i\000n\000a\000\040\000d\000i\000s\000t\000r\000i\000b\000u\000t\000r\000i\000c\000e\000\040\000d\000e\000l\000\040\000c\000a\000f\000f\000\350}{chapter.9}% 98
\BOOKMARK [2][]{subsection.9.5.1}{\376\377\000D\000i\000a\000g\000r\000a\000m\000m\000a\000\040\000d\000i\000\040\000s\000t\000a\000t\000o\000\040\000d\000e\000l\000l\000a\000\040\000m\000a\000c\000c\000h\000i\000n\000a\000\040\000d\000e\000l\000\040\000c\000a\000f\000f\000\350\000\040\000\050\000M\000o\000o\000r\000e\000\051}{section.9.5}% 99
\BOOKMARK [0][]{chapter.10}{\376\377\000E\000l\000e\000t\000t\000r\000o\000n\000i\000c\000a\000\040\000c\000o\000m\000b\000i\000n\000a\000t\000o\000r\000i\000a\000\040\000c\000o\000m\000p\000l\000e\000s\000s\000a}{}% 100
\BOOKMARK [1][]{section.10.1}{\376\377\000R\000O\000M\000\040\040\023\000\040\000R\000e\000a\000d\000\040\000O\000n\000l\000y\000\040\000M\000e\000m\000o\000r\000y}{chapter.10}% 101
\BOOKMARK [2][]{subsection.10.1.1}{\376\377\000C\000o\000m\000e\000\040\000\350\000\040\000f\000a\000t\000t\000a\000?}{section.10.1}% 102
\BOOKMARK [2][]{subsection.10.1.2}{\376\377\000E\000s\000e\000m\000p\000i\000o\000:\000\040\000l\000a\000\040\000t\000a\000s\000t\000i\000e\000r\000a}{section.10.1}% 103
\BOOKMARK [2][]{subsection.10.1.3}{\376\377\000E\000s\000e\000m\000p\000i\000o\000:\000\040\000l\000a\000\040\000R\000O\000M\000\040\000d\000e\000l\000\040\000s\000e\000m\000a\000f\000o\000r\000o}{section.10.1}% 104
\BOOKMARK [2][]{subsection.10.1.4}{\376\377\000S\000t\000r\000u\000t\000t\000u\000r\000a\000\040\000d\000e\000l\000l\000a\000\040\000P\000L\000A\000:\000\040\000p\000r\000i\000m\000a\000\040\000e\000\040\000d\000o\000p\000o\000\040\000l\000a\000\040\000p\000r\000o\000g\000r\000a\000m\000m\000a\000z\000i\000o\000n\000e}{section.10.1}% 105
\BOOKMARK [1][]{section.10.2}{\376\377\000M\000u\000l\000t\000i\000p\000l\000e\000x\000e\000r\000\040\000e\000\040\000d\000e\000m\000u\000l\000t\000i\000p\000l\000e\000x\000e\000r}{chapter.10}% 106
\BOOKMARK [1][]{section.10.3}{\376\377\000U\000n\000i\000v\000e\000r\000s\000a\000l\000\040\000S\000h\000i\000f\000t\000\040\000R\000e\000g\000i\000s\000t\000e\000r\000\040\000\050\000U\000S\000R\000\051}{chapter.10}% 107
\BOOKMARK [2][]{subsection.10.3.1}{\376\377\000I\000m\000p\000l\000e\000m\000e\000n\000t\000a\000z\000i\000o\000n\000e\000\040\000a\000\040\0004\000\040\000b\000i\000t\000\040\000p\000e\000r\000\040\000t\000r\000a\000s\000m\000i\000s\000s\000i\000o\000n\000e\000\040\000P\000I\000S\000O}{section.10.3}% 108
\BOOKMARK [2][]{subsection.10.3.2}{\376\377\000A\000p\000p\000l\000i\000c\000a\000z\000i\000o\000n\000e\000:\000\040\000t\000r\000a\000s\000m\000i\000s\000s\000i\000o\000n\000e\000\040\000s\000e\000r\000i\000a\000l\000e\000\040\000S\000e\000n\000d\000e\000r\040\023\000R\000e\000c\000e\000i\000v\000e\000r}{section.10.3}% 109
\BOOKMARK [1][]{section.10.4}{\376\377\000V\000i\000n\000c\000o\000l\000i\000\040\000t\000e\000m\000p\000o\000r\000a\000l\000i\000\040\000d\000e\000l\000l\000'\000U\000S\000R\000\040\000e\000\040\000J\000i\000t\000t\000e\000r}{chapter.10}% 110
\BOOKMARK [0][]{chapter.11}{\376\377\000C\000o\000n\000v\000e\000r\000s\000i\000o\000n\000e\000\040\000D\000i\000g\000i\000t\000a\000l\000e\040\023\000A\000n\000a\000l\000o\000g\000i\000c\000a\000\040\000e\000\040\000A\000n\000a\000l\000o\000g\000i\000c\000a\040\023\000D\000i\000g\000i\000t\000a\000l\000e}{}% 111
\BOOKMARK [1][]{section.11.1}{\376\377\000C\000o\000n\000v\000e\000r\000s\000i\000o\000n\000e\000\040\000d\000i\000g\000i\000t\000a\000l\000e\000\040\000\040\000a\000n\000a\000l\000o\000g\000i\000c\000a}{chapter.11}% 112
\BOOKMARK [1][]{section.11.2}{\376\377\000C\000a\000r\000a\000t\000t\000e\000r\000i\000s\000t\000i\000c\000h\000e\000\040\000d\000e\000l\000\040\000D\000A\000C}{chapter.11}% 113
\BOOKMARK [1][]{section.11.3}{\376\377\000D\000A\000C\000\040\000a\000\040\000s\000o\000m\000m\000a\000t\000o\000r\000e}{chapter.11}% 114
\BOOKMARK [1][]{section.11.4}{\376\377\000D\000A\000C\000\040\000R\000-\0002\000R\000\040\000L\000a\000d\000d\000e\000r}{chapter.11}% 115
\BOOKMARK [1][]{section.11.5}{\376\377\000C\000a\000r\000a\000t\000t\000e\000r\000i\000s\000t\000i\000c\000h\000e\000\040\000d\000e\000l\000l\000'\000A\000D\000C}{chapter.11}% 116
\BOOKMARK [0][]{chapter.12}{\376\377\000C\000o\000n\000v\000e\000r\000t\000i\000t\000o\000r\000i\000\040\000A\000n\000a\000l\000o\000g\000i\000c\000o\000-\000D\000i\000g\000i\000t\000a\000l\000i\000\040\000\050\000A\000D\000C\000\051}{}% 117
\BOOKMARK [1][]{section.12.1}{\376\377\000A\000D\000C\000\040\000a\000\040\000g\000r\000a\000d\000i\000n\000a\000t\000a}{chapter.12}% 118
\BOOKMARK [1][]{section.12.2}{\376\377\000A\000D\000C\000\040\000a\000d\000\040\000a\000p\000p\000r\000o\000s\000s\000i\000m\000a\000z\000i\000o\000n\000i\000\040\000s\000u\000c\000c\000e\000s\000s\000i\000v\000e\000\040\000\050\000S\000A\000R\000\051}{chapter.12}% 119
\BOOKMARK [1][]{section.12.3}{\376\377\000F\000l\000a\000s\000h\000\040\000A\000D\000C}{chapter.12}% 120
\BOOKMARK [1][]{section.12.4}{\376\377\000O\000s\000s\000e\000r\000v\000a\000z\000i\000o\000n\000i\000\040\000g\000e\000n\000e\000r\000a\000l\000i}{chapter.12}% 121
\BOOKMARK [1][]{section.12.5}{\376\377\000A\000D\000C\000\040\000d\000e\000l\000l\000'\000A\000D\0002}{chapter.12}% 122
\BOOKMARK [2][]{subsection.12.5.1}{\376\377\000A\000D\000C\000\040\000a\000d\000\040\000a\000p\000p\000r\000o\000s\000s\000i\000m\000a\000z\000i\000o\000n\000i\000\040\000s\000u\000c\000c\000e\000s\000s\000i\000v\000e\000\040\000\050\000S\000A\000R\000\051\000:\000\040\000a\000n\000a\000l\000i\000s\000i\000\040\000d\000e\000l\000\040\000c\000i\000r\000c\000u\000i\000t\000o\000\040\000a\000\040\0003\000\040\000b\000i\000t}{section.12.5}% 123
